<?xml version="1.0" encoding="UTF-8"?>
<testng-results ignored="0" total="1" passed="1" failed="0" skipped="0">
  <reporter-output>
  </reporter-output>
  <suite started-at="2023-09-16T15:47:16 AEST" name="Default suite" finished-at="2023-09-16T15:48:34 AEST" duration-ms="77226">
    <groups>
    </groups>
    <test started-at="2023-09-16T15:47:16 AEST" name="Default test" finished-at="2023-09-16T15:48:34 AEST" duration-ms="77226">
      <class name="com.epam.healenium.tests.FirstTestTest">
        <test-method signature="testTest()[pri:0, instance:com.epam.healenium.tests.FirstTestTest@5dafbe45]" started-at="2023-09-16T15:47:17 AEST" name="testTest" finished-at="2023-09-16T15:48:34 AEST" duration-ms="77203" status="PASS">
          <reporter-output>
          </reporter-output>
        </test-method> <!-- testTest -->
      </class> <!-- com.epam.healenium.tests.FirstTestTest -->
    </test> <!-- Default test -->
  </suite> <!-- Default suite -->
</testng-results>
