<?xml version="1.0" encoding="UTF-8"?>
<testng-results ignored="0" total="1" passed="1" failed="0" skipped="0">
  <reporter-output>
  </reporter-output>
  <suite started-at="2023-09-20T20:12:59 AEST" name="Default suite" finished-at="2023-09-20T20:13:37 AEST" duration-ms="38222">
    <groups>
    </groups>
    <test started-at="2023-09-20T20:12:59 AEST" name="Default test" finished-at="2023-09-20T20:13:37 AEST" duration-ms="38222">
      <class name="com.epam.healenium.tests.FirstTestTest2">
        <test-method signature="test()[pri:0, instance:com.epam.healenium.tests.FirstTestTest2@aba625]" started-at="2023-09-20T20:12:59 AEST" name="test" finished-at="2023-09-20T20:13:37 AEST" duration-ms="38204" status="PASS">
          <reporter-output>
          </reporter-output>
        </test-method> <!-- test -->
      </class> <!-- com.epam.healenium.tests.FirstTestTest2 -->
    </test> <!-- Default test -->
  </suite> <!-- Default suite -->
</testng-results>
